<?xml version="1.0" encoding="UTF-8"?>
<testng-results ignored="0" total="2" passed="1" failed="1" skipped="0">
  <reporter-output>
  </reporter-output>
  <suite started-at="2025-04-09T17:37:08 IST" name="Default suite" finished-at="2025-04-09T17:37:25 IST" duration-ms="16865">
    <groups>
      <group name="cucumber">
        <method signature="AbstractTestNGCucumberTests.runScenario(io.cucumber.testng.PickleWrapper,io.cucumber.testng.FeatureWrapper)[pri:0, instance:runners.BookSearchRunner@6e535154]" name="runScenario" class="io.cucumber.testng.AbstractTestNGCucumberTests"/>
      </group> <!-- cucumber -->
    </groups>
    <test started-at="2025-04-09T17:37:08 IST" name="Default test" finished-at="2025-04-09T17:37:25 IST" duration-ms="16865">
      <class name="runners.BookSearchRunner">
        <test-method is-config="true" signature="setUpClass(org.testng.ITestContext)[pri:0, instance:runners.BookSearchRunner@6e535154]" started-at="2025-04-09T17:37:08 IST" name="setUpClass" finished-at="2025-04-09T17:37:09 IST" duration-ms="1178" status="PASS">
          <params>
            <param index="0">
              <value>
                <![CDATA[org.testng.TestRunner@60f77af]]>
              </value>
            </param>
          </params>
          <reporter-output>
          </reporter-output>
        </test-method> <!-- setUpClass -->
        <test-method signature="runScenario(io.cucumber.testng.PickleWrapper,io.cucumber.testng.FeatureWrapper)[pri:0, instance:runners.BookSearchRunner@6e535154]" started-at="2025-04-09T17:37:09 IST" name="runScenario" description="Runs Cucumber Scenarios" data-provider="scenarios" finished-at="2025-04-09T17:37:17 IST" duration-ms="7570" status="PASS">
          <params>
            <param index="0">
              <value>
                <![CDATA["Novel Search Test"]]>
              </value>
            </param>
            <param index="1">
              <value>
                <![CDATA["Book Search for"]]>
              </value>
            </param>
          </params>
          <reporter-output>
          </reporter-output>
        </test-method> <!-- runScenario -->
        <test-method signature="runScenario(io.cucumber.testng.PickleWrapper,io.cucumber.testng.FeatureWrapper)[pri:0, instance:runners.BookSearchRunner@6e535154]" started-at="2025-04-09T17:37:17 IST" name="runScenario" description="Runs Cucumber Scenarios" data-provider="scenarios" finished-at="2025-04-09T17:37:24 IST" duration-ms="7221" status="FAIL">
          <params>
            <param index="0">
              <value>
                <![CDATA["Crime & Thrillers Search Test"]]>
              </value>
            </param>
            <param index="1">
              <value>
                <![CDATA["Book Search for"]]>
              </value>
            </param>
          </params>
          <exception class="java.lang.AssertionError">
            <message>
              <![CDATA[expected [true] but found [false]]]>
            </message>
            <full-stacktrace>
              <![CDATA[java.lang.AssertionError: expected [true] but found [false]
at org.testng.Assert.fail(Assert.java:111)
at org.testng.Assert.failNotEquals(Assert.java:1590)
at org.testng.Assert.assertTrue(Assert.java:57)
at org.testng.Assert.assertTrue(Assert.java:67)
at stepDefs.BookSearchStepDef.should_display_crime_result_page(BookSearchStepDef.java:48)
at âœ½.Should display crime result page(file:///C:/workspace/BDDSample/./src/test/resources/features/BookSearch.feature:12)
]]>
            </full-stacktrace>
          </exception> <!-- java.lang.AssertionError -->
          <reporter-output>
          </reporter-output>
        </test-method> <!-- runScenario -->
        <test-method is-config="true" signature="tearDownClass()[pri:0, instance:runners.BookSearchRunner@6e535154]" started-at="2025-04-09T17:37:24 IST" name="tearDownClass" finished-at="2025-04-09T17:37:25 IST" duration-ms="831" status="PASS">
          <reporter-output>
          </reporter-output>
        </test-method> <!-- tearDownClass -->
      </class> <!-- runners.BookSearchRunner -->
    </test> <!-- Default test -->
  </suite> <!-- Default suite -->
</testng-results>
