<?xml version="1.0" encoding="UTF-8"?>
<!-- Generated by org.testng.reporters.JUnitReportReporter -->
<testsuite hostname="user1" failures="1" tests="2" name="runners.BookSearchRunner" time="14.791" errors="0" timestamp="2025-04-09T17:37:25 IST" skipped="0">
  <testcase classname="runners.BookSearchRunner" name="runScenario" time="7.570"/>
  <testcase classname="runners.BookSearchRunner" name="runScenario" time="7.221">
    <failure message="expected [true] but found [false]" type="java.lang.AssertionError">
      <![CDATA[java.lang.AssertionError: expected [true] but found [false]
at org.testng.Assert.fail(Assert.java:111)
at org.testng.Assert.failNotEquals(Assert.java:1590)
at org.testng.Assert.assertTrue(Assert.java:57)
at org.testng.Assert.assertTrue(Assert.java:67)
at stepDefs.BookSearchStepDef.should_display_crime_result_page(BookSearchStepDef.java:48)
at âœ½.Should display crime result page(file:///C:/workspace/BDDSample/./src/test/resources/features/BookSearch.feature:12)
]]>
    </failure>
  </testcase> <!-- runScenario -->
</testsuite> <!-- runners.BookSearchRunner -->
